core/build/intermediates/manifest_merge_blame_file/release/manifest-merger-blame-release-report.txt
1<?xml version="1.0" encoding="utf-8"?>
2<!--
3  ~ Created on 31/1/21 5:51 PM
4  ~ Copyright (c) Muhammad Utsman 2021 All rights reserved.
5-->
6<manifest xmlns:android="http://schemas.android.com/apk/res/android"
7    package="com.utsman.geolib.core"
8    android:versionCode="8"
9    android:versionName="2.3.3" >
10
11    <uses-sdk
12        android:minSdkVersion="21"
12-->src/main/AndroidManifest.xml
13        android:targetSdkVersion="29" />
13-->src/main/AndroidManifest.xml
14
15</manifest>